<?xml version="1.0" encoding="UTF-8"?>
<!-- Generated by org.testng.reporters.JUnitReportReporter -->
<testsuite hostname="sys" name="com.hybrid.Framework.RunTest" tests="2" failures="0" timestamp="13 Apr 2017 02:25:13 GMT" time="0.015" errors="0">
  <testcase name="runTest" time="0.002" classname="com.hybrid.Framework.RunTest"/>
  <testcase name="runTest" time="0.013" classname="com.hybrid.Framework.RunTest"/>
</testsuite> <!-- com.hybrid.Framework.RunTest -->
