<?xml version="1.0" encoding="UTF-8"?>
<!-- Generated by org.testng.reporters.JUnitReportReporter -->
<testsuite hostname="sys" name="com.hybrid.Framework.ExecuteTests" tests="3" failures="0" timestamp="3 Apr 2017 00:27:08 GMT" time="80.728" errors="0">
  <testcase name="runTestCase" time="10.805" classname="com.hybrid.Framework.ExecuteTests"/>
  <testcase name="runTestCase" time="32.092" classname="com.hybrid.Framework.ExecuteTests"/>
  <testcase name="runTestCase" time="37.831" classname="com.hybrid.Framework.ExecuteTests"/>
</testsuite> <!-- com.hybrid.Framework.ExecuteTests -->
