<?xml version="1.0" encoding="UTF-8"?>
<!-- Generated by org.testng.reporters.JUnitReportReporter -->
<testsuite hostname="sys" name="com.hybrid.Framework.ExecuteTests" tests="3" failures="0" timestamp="4 Apr 2017 02:41:06 GMT" time="88.420" errors="0">
  <testcase name="runTestCase" time="37.870" classname="com.hybrid.Framework.ExecuteTests"/>
  <testcase name="runTestCase" time="32.901" classname="com.hybrid.Framework.ExecuteTests"/>
  <testcase name="runTestCase" time="17.649" classname="com.hybrid.Framework.ExecuteTests"/>
</testsuite> <!-- com.hybrid.Framework.ExecuteTests -->
