<?xml version="1.0" encoding="UTF-8"?>
<!-- Generated by org.testng.reporters.JUnitReportReporter -->
<testsuite hostname="sys" name="com.hybrid.Framework.ExecuteTests" tests="3" failures="0" timestamp="11 Apr 2017 01:22:32 GMT" time="96.307" errors="0">
  <testcase name="runTestCase" time="33.114" classname="com.hybrid.Framework.ExecuteTests"/>
  <testcase name="runTestCase" time="37.031" classname="com.hybrid.Framework.ExecuteTests"/>
  <testcase name="runTestCase" time="26.162" classname="com.hybrid.Framework.ExecuteTests"/>
</testsuite> <!-- com.hybrid.Framework.ExecuteTests -->
