<?xml version="1.0" encoding="UTF-8"?>
<!-- Generated by org.testng.reporters.JUnitReportReporter -->
<testsuite hostname="sys" name="com.hybrid.Framework.ExecuteTests" tests="3" failures="0" timestamp="3 Apr 2017 01:33:11 GMT" time="67.415" errors="0">
  <testcase name="runTestCase" time="11.940" classname="com.hybrid.Framework.ExecuteTests"/>
  <testcase name="runTestCase" time="31.666" classname="com.hybrid.Framework.ExecuteTests"/>
  <testcase name="runTestCase" time="23.809" classname="com.hybrid.Framework.ExecuteTests"/>
</testsuite> <!-- com.hybrid.Framework.ExecuteTests -->
