<?xml version="1.0" encoding="UTF-8"?>
<!-- Generated by org.testng.reporters.JUnitReportReporter -->
<testsuite hostname="sys" name="com.hybrid.Framework.RunTest" tests="3" failures="0" timestamp="2 Apr 2017 23:55:21 GMT" time="0.033" errors="0">
  <testcase name="runTest" time="0.003" classname="com.hybrid.Framework.RunTest"/>
  <testcase name="runTest" time="0.007" classname="com.hybrid.Framework.RunTest"/>
  <testcase name="runTest" time="0.023" classname="com.hybrid.Framework.RunTest"/>
</testsuite> <!-- com.hybrid.Framework.RunTest -->
