<?xml version="1.0" encoding="UTF-8"?>
<!-- Generated by org.testng.reporters.JUnitReportReporter -->
<testsuite hostname="sys" name="rough.readingxml" tests="1" failures="0" timestamp="25 Mar 2017 16:16:13 GMT" time="1.004" errors="0">
  <testcase name="rr" time="1.004" classname="rough.readingxml"/>
</testsuite> <!-- rough.readingxml -->
