<?xml version="1.0" encoding="UTF-8"?>
<!-- Generated by org.testng.reporters.JUnitReportReporter -->
<testsuite hostname="sys" name="com.hybrid.Framework.RunTest" tests="1" failures="0" timestamp="9 Apr 2017 17:55:40 GMT" time="0.017" errors="0">
  <testcase name="runTest" time="0.017" classname="com.hybrid.Framework.RunTest"/>
</testsuite> <!-- com.hybrid.Framework.RunTest -->
