<?xml version="1.0" encoding="UTF-8"?>
<!-- Generated by org.testng.reporters.JUnitReportReporter -->
<testsuite hostname="sys" name="com.hybrid.Framework.ExecuteTests" tests="2" failures="0" timestamp="13 Apr 2017 02:25:12 GMT" time="67.121" errors="0">
  <testcase name="runTestCase" time="31.680" classname="com.hybrid.Framework.ExecuteTests"/>
  <testcase name="runTestCase" time="35.441" classname="com.hybrid.Framework.ExecuteTests"/>
</testsuite> <!-- com.hybrid.Framework.ExecuteTests -->
