<?xml version="1.0" encoding="UTF-8"?>
<!-- Generated by org.testng.reporters.JUnitReportReporter -->
<testsuite hostname="sys" name="com.hybrid.Framework.RunTest" tests="3" failures="0" timestamp="11 Apr 2017 01:22:32 GMT" time="0.066" errors="0">
  <testcase name="runTest" time="0.015" classname="com.hybrid.Framework.RunTest"/>
  <testcase name="runTest" time="0.014" classname="com.hybrid.Framework.RunTest"/>
  <testcase name="runTest" time="0.037" classname="com.hybrid.Framework.RunTest"/>
</testsuite> <!-- com.hybrid.Framework.RunTest -->
