<?xml version="1.0" encoding="UTF-8"?>
<!-- Generated by org.testng.reporters.JUnitReportReporter -->
<testsuite hostname="sys" name="com.hybrid.Framework.RunTest" tests="3" failures="0" timestamp="3 Apr 2017 01:33:11 GMT" time="0.024" errors="0">
  <testcase name="runTest" time="0.002" classname="com.hybrid.Framework.RunTest"/>
  <testcase name="runTest" time="0.003" classname="com.hybrid.Framework.RunTest"/>
  <testcase name="runTest" time="0.019" classname="com.hybrid.Framework.RunTest"/>
</testsuite> <!-- com.hybrid.Framework.RunTest -->
